2016-04-27 12:10:32 [192.168.75.1][-][-][warning][yii\debug\Module::checkAccess] Access to debugger is denied due to IP address restriction. The requesting IP address is 192.168.75.1
    in /mnt/hgfs/yii2/frontend/views/layouts/main.php:79
    in /mnt/hgfs/yii2/frontend/controllers/SiteController.php:75
2016-04-27 12:10:32 [192.168.75.1][-][-][info][application] $_SESSION = [
    '__flash' => []
]

$_SERVER = [
    'HTTP_HOST' => 'front.dev'
    'HTTP_USER_AGENT' => 'Mozilla/5.0 (Windows NT 10.0; WOW64; rv:46.0) Gecko/20100101 Firefox/46.0'
    'HTTP_ACCEPT' => 'text/html,application/xhtml+xml,application/xml;q=0.9,*/*;q=0.8'
    'HTTP_ACCEPT_LANGUAGE' => 'de,en-US;q=0.7,en;q=0.3'
    'HTTP_ACCEPT_ENCODING' => 'gzip, deflate'
    'HTTP_CONNECTION' => 'keep-alive'
    'HTTP_PRAGMA' => 'no-cache'
    'HTTP_CACHE_CONTROL' => 'no-cache'
    'PATH' => '/usr/local/sbin:/usr/local/bin:/usr/sbin:/usr/bin:/sbin:/bin'
    'SERVER_SIGNATURE' => '<address>Apache/2.4.7 (Ubuntu) Server at front.dev Port 80</address>
'
    'SERVER_SOFTWARE' => 'Apache/2.4.7 (Ubuntu)'
    'SERVER_NAME' => 'front.dev'
    'SERVER_ADDR' => '192.168.75.128'
    'SERVER_PORT' => '80'
    'REMOTE_ADDR' => '192.168.75.1'
    'DOCUMENT_ROOT' => '/mnt/hgfs/yii2/frontend/web'
    'REQUEST_SCHEME' => 'http'
    'CONTEXT_PREFIX' => ''
    'CONTEXT_DOCUMENT_ROOT' => '/mnt/hgfs/yii2/frontend/web'
    'SERVER_ADMIN' => '[no address given]'
    'SCRIPT_FILENAME' => '/mnt/hgfs/yii2/frontend/web/index.php'
    'REMOTE_PORT' => '53337'
    'GATEWAY_INTERFACE' => 'CGI/1.1'
    'SERVER_PROTOCOL' => 'HTTP/1.1'
    'REQUEST_METHOD' => 'GET'
    'QUERY_STRING' => ''
    'REQUEST_URI' => '/'
    'SCRIPT_NAME' => '/index.php'
    'PHP_SELF' => '/index.php'
    'REQUEST_TIME_FLOAT' => 1461759032.638
    'REQUEST_TIME' => 1461759032
]
2016-04-27 14:48:03 [192.168.146.1][-][-][warning][yii\debug\Module::checkAccess] Access to debugger is denied due to IP address restriction. The requesting IP address is 192.168.146.1
    in /mnt/hgfs/yii2/frontend/views/layouts/main.php:79
    in /mnt/hgfs/yii2/frontend/controllers/SiteController.php:75
2016-04-27 14:48:03 [192.168.146.1][-][-][info][application] $_SESSION = [
    '__flash' => []
]

$_SERVER = [
    'HTTP_HOST' => 'front.dev'
    'HTTP_USER_AGENT' => 'Mozilla/5.0 (Windows NT 10.0; WOW64; rv:46.0) Gecko/20100101 Firefox/46.0'
    'HTTP_ACCEPT' => 'text/html,application/xhtml+xml,application/xml;q=0.9,*/*;q=0.8'
    'HTTP_ACCEPT_LANGUAGE' => 'de,en-US;q=0.7,en;q=0.3'
    'HTTP_ACCEPT_ENCODING' => 'gzip, deflate'
    'HTTP_CONNECTION' => 'keep-alive'
    'PATH' => '/usr/local/sbin:/usr/local/bin:/usr/sbin:/usr/bin:/sbin:/bin'
    'SERVER_SIGNATURE' => '<address>Apache/2.4.7 (Ubuntu) Server at front.dev Port 80</address>
'
    'SERVER_SOFTWARE' => 'Apache/2.4.7 (Ubuntu)'
    'SERVER_NAME' => 'front.dev'
    'SERVER_ADDR' => '192.168.146.128'
    'SERVER_PORT' => '80'
    'REMOTE_ADDR' => '192.168.146.1'
    'DOCUMENT_ROOT' => '/mnt/hgfs/yii2/frontend/web'
    'REQUEST_SCHEME' => 'http'
    'CONTEXT_PREFIX' => ''
    'CONTEXT_DOCUMENT_ROOT' => '/mnt/hgfs/yii2/frontend/web'
    'SERVER_ADMIN' => '[no address given]'
    'SCRIPT_FILENAME' => '/mnt/hgfs/yii2/frontend/web/index.php'
    'REMOTE_PORT' => '54494'
    'GATEWAY_INTERFACE' => 'CGI/1.1'
    'SERVER_PROTOCOL' => 'HTTP/1.1'
    'REQUEST_METHOD' => 'GET'
    'QUERY_STRING' => ''
    'REQUEST_URI' => '/'
    'SCRIPT_NAME' => '/index.php'
    'PHP_SELF' => '/index.php'
    'REQUEST_TIME_FLOAT' => 1461768482.95
    'REQUEST_TIME' => 1461768482
]
2016-04-27 15:06:51 [192.168.146.1][-][-][warning][yii\debug\Module::checkAccess] Access to debugger is denied due to IP address restriction. The requesting IP address is 192.168.146.1
    in /mnt/hgfs/yii2/frontend/views/layouts/main.php:79
    in /mnt/hgfs/yii2/frontend/controllers/SiteController.php:75
2016-04-27 15:06:51 [192.168.146.1][-][-][info][application] $_COOKIE = [
    'PHPSESSID' => 'isfu615gbjra6qrf61jluok3l1'
    '_csrf' => 'b33ccb59712055f2199fd24d5d1d0bf5975aa5190519e2e56c3f020c88b76d47a:2:{i:0;s:5:\"_csrf\";i:1;s:32:\"_DODGZOZ-Keug8qvNn_PFdQzvkP4jnQ0\";}'
]

$_SESSION = [
    '__flash' => []
]

$_SERVER = [
    'HTTP_HOST' => 'front.dev'
    'HTTP_USER_AGENT' => 'Mozilla/5.0 (Windows NT 10.0; WOW64; rv:46.0) Gecko/20100101 Firefox/46.0'
    'HTTP_ACCEPT' => 'text/html,application/xhtml+xml,application/xml;q=0.9,*/*;q=0.8'
    'HTTP_ACCEPT_LANGUAGE' => 'de,en-US;q=0.7,en;q=0.3'
    'HTTP_ACCEPT_ENCODING' => 'gzip, deflate'
    'HTTP_COOKIE' => 'PHPSESSID=isfu615gbjra6qrf61jluok3l1; _csrf=b33ccb59712055f2199fd24d5d1d0bf5975aa5190519e2e56c3f020c88b76d47a%3A2%3A%7Bi%3A0%3Bs%3A5%3A%22_csrf%22%3Bi%3A1%3Bs%3A32%3A%22_DODGZOZ-Keug8qvNn_PFdQzvkP4jnQ0%22%3B%7D'
    'HTTP_CONNECTION' => 'keep-alive'
    'HTTP_CACHE_CONTROL' => 'max-age=0'
    'PATH' => '/usr/local/sbin:/usr/local/bin:/usr/sbin:/usr/bin:/sbin:/bin'
    'SERVER_SIGNATURE' => '<address>Apache/2.4.7 (Ubuntu) Server at front.dev Port 80</address>
'
    'SERVER_SOFTWARE' => 'Apache/2.4.7 (Ubuntu)'
    'SERVER_NAME' => 'front.dev'
    'SERVER_ADDR' => '192.168.146.128'
    'SERVER_PORT' => '80'
    'REMOTE_ADDR' => '192.168.146.1'
    'DOCUMENT_ROOT' => '/mnt/hgfs/yii2/frontend/web'
    'REQUEST_SCHEME' => 'http'
    'CONTEXT_PREFIX' => ''
    'CONTEXT_DOCUMENT_ROOT' => '/mnt/hgfs/yii2/frontend/web'
    'SERVER_ADMIN' => '[no address given]'
    'SCRIPT_FILENAME' => '/mnt/hgfs/yii2/frontend/web/index.php'
    'REMOTE_PORT' => '54558'
    'GATEWAY_INTERFACE' => 'CGI/1.1'
    'SERVER_PROTOCOL' => 'HTTP/1.1'
    'REQUEST_METHOD' => 'GET'
    'QUERY_STRING' => ''
    'REQUEST_URI' => '/'
    'SCRIPT_NAME' => '/index.php'
    'PHP_SELF' => '/index.php'
    'REQUEST_TIME_FLOAT' => 1461769611.383
    'REQUEST_TIME' => 1461769611
]
2016-05-10 11:12:01 [192.168.64.1][-][-][warning][yii\debug\Module::checkAccess] Access to debugger is denied due to IP address restriction. The requesting IP address is 192.168.64.1
    in /mnt/hgfs/yii2/frontend/views/layouts/main.php:79
    in /mnt/hgfs/yii2/frontend/controllers/SiteController.php:75
2016-05-10 11:12:01 [192.168.64.1][-][-][info][application] $_SESSION = [
    '__flash' => []
]

$_SERVER = [
    'HTTP_HOST' => 'front.dev'
    'HTTP_USER_AGENT' => 'Mozilla/5.0 (Windows NT 10.0; WOW64; rv:46.0) Gecko/20100101 Firefox/46.0'
    'HTTP_ACCEPT' => 'text/html,application/xhtml+xml,application/xml;q=0.9,*/*;q=0.8'
    'HTTP_ACCEPT_LANGUAGE' => 'de,en-US;q=0.7,en;q=0.3'
    'HTTP_ACCEPT_ENCODING' => 'gzip, deflate'
    'HTTP_CONNECTION' => 'keep-alive'
    'PATH' => '/usr/local/sbin:/usr/local/bin:/usr/sbin:/usr/bin:/sbin:/bin'
    'SERVER_SIGNATURE' => '<address>Apache/2.4.7 (Ubuntu) Server at front.dev Port 80</address>
'
    'SERVER_SOFTWARE' => 'Apache/2.4.7 (Ubuntu)'
    'SERVER_NAME' => 'front.dev'
    'SERVER_ADDR' => '192.168.64.128'
    'SERVER_PORT' => '80'
    'REMOTE_ADDR' => '192.168.64.1'
    'DOCUMENT_ROOT' => '/mnt/hgfs/yii2/frontend/web'
    'REQUEST_SCHEME' => 'http'
    'CONTEXT_PREFIX' => ''
    'CONTEXT_DOCUMENT_ROOT' => '/mnt/hgfs/yii2/frontend/web'
    'SERVER_ADMIN' => '[no address given]'
    'SCRIPT_FILENAME' => '/mnt/hgfs/yii2/frontend/web/index.php'
    'REMOTE_PORT' => '56524'
    'GATEWAY_INTERFACE' => 'CGI/1.1'
    'SERVER_PROTOCOL' => 'HTTP/1.1'
    'REQUEST_METHOD' => 'GET'
    'QUERY_STRING' => ''
    'REQUEST_URI' => '/'
    'SCRIPT_NAME' => '/index.php'
    'PHP_SELF' => '/index.php'
    'REQUEST_TIME_FLOAT' => 1462878721.232
    'REQUEST_TIME' => 1462878721
]
2016-05-10 11:35:44 [192.168.64.1][-][-][warning][yii\debug\Module::checkAccess] Access to debugger is denied due to IP address restriction. The requesting IP address is 192.168.64.1
    in /mnt/hgfs/yii2/frontend/views/layouts/main.php:79
    in /mnt/hgfs/yii2/frontend/controllers/SiteController.php:75
2016-05-10 11:35:43 [192.168.64.1][-][-][info][application] $_COOKIE = [
    'PHPSESSID' => 'o8humlmh8mtaf08sejq871k3l7'
    '_csrf' => '78a2a0e1b2035c0d86329fc5a6ee8de3ebbb585301448cb0a729428cadf1fe90a:2:{i:0;s:5:\"_csrf\";i:1;s:32:\"O3079y-blp4S2FvWKDzCS0XasPB6lA5F\";}'
]

$_SESSION = [
    '__flash' => []
]

$_SERVER = [
    'HTTP_HOST' => 'front.dev'
    'HTTP_USER_AGENT' => 'Mozilla/5.0 (Windows NT 10.0; WOW64; rv:46.0) Gecko/20100101 Firefox/46.0'
    'HTTP_ACCEPT' => 'text/html,application/xhtml+xml,application/xml;q=0.9,*/*;q=0.8'
    'HTTP_ACCEPT_LANGUAGE' => 'de,en-US;q=0.7,en;q=0.3'
    'HTTP_ACCEPT_ENCODING' => 'gzip, deflate'
    'HTTP_COOKIE' => 'PHPSESSID=o8humlmh8mtaf08sejq871k3l7; _csrf=78a2a0e1b2035c0d86329fc5a6ee8de3ebbb585301448cb0a729428cadf1fe90a%3A2%3A%7Bi%3A0%3Bs%3A5%3A%22_csrf%22%3Bi%3A1%3Bs%3A32%3A%22O3079y-blp4S2FvWKDzCS0XasPB6lA5F%22%3B%7D'
    'HTTP_CONNECTION' => 'keep-alive'
    'HTTP_CACHE_CONTROL' => 'max-age=0'
    'PATH' => '/usr/local/sbin:/usr/local/bin:/usr/sbin:/usr/bin:/sbin:/bin'
    'SERVER_SIGNATURE' => '<address>Apache/2.4.7 (Ubuntu) Server at front.dev Port 80</address>
'
    'SERVER_SOFTWARE' => 'Apache/2.4.7 (Ubuntu)'
    'SERVER_NAME' => 'front.dev'
    'SERVER_ADDR' => '192.168.64.128'
    'SERVER_PORT' => '80'
    'REMOTE_ADDR' => '192.168.64.1'
    'DOCUMENT_ROOT' => '/mnt/hgfs/yii2/frontend/web'
    'REQUEST_SCHEME' => 'http'
    'CONTEXT_PREFIX' => ''
    'CONTEXT_DOCUMENT_ROOT' => '/mnt/hgfs/yii2/frontend/web'
    'SERVER_ADMIN' => '[no address given]'
    'SCRIPT_FILENAME' => '/mnt/hgfs/yii2/frontend/web/index.php'
    'REMOTE_PORT' => '57266'
    'GATEWAY_INTERFACE' => 'CGI/1.1'
    'SERVER_PROTOCOL' => 'HTTP/1.1'
    'REQUEST_METHOD' => 'GET'
    'QUERY_STRING' => ''
    'REQUEST_URI' => '/'
    'SCRIPT_NAME' => '/index.php'
    'PHP_SELF' => '/index.php'
    'REQUEST_TIME_FLOAT' => 1462880142.841
    'REQUEST_TIME' => 1462880142
]
2016-05-10 11:38:12 [192.168.64.1][-][-][warning][yii\debug\Module::checkAccess] Access to debugger is denied due to IP address restriction. The requesting IP address is 192.168.64.1
    in /mnt/hgfs/yii2/frontend/views/layouts/main.php:79
    in /mnt/hgfs/yii2/frontend/controllers/SiteController.php:162
2016-05-10 11:38:11 [192.168.64.1][-][-][info][application] $_GET = [
    'r' => 'site/signup'
]

$_COOKIE = [
    'PHPSESSID' => 'o8humlmh8mtaf08sejq871k3l7'
    '_csrf' => '78a2a0e1b2035c0d86329fc5a6ee8de3ebbb585301448cb0a729428cadf1fe90a:2:{i:0;s:5:\"_csrf\";i:1;s:32:\"O3079y-blp4S2FvWKDzCS0XasPB6lA5F\";}'
]

$_SESSION = [
    '__flash' => []
]

$_SERVER = [
    'HTTP_HOST' => 'front.dev'
    'HTTP_USER_AGENT' => 'Mozilla/5.0 (Windows NT 10.0; WOW64; rv:46.0) Gecko/20100101 Firefox/46.0'
    'HTTP_ACCEPT' => 'text/html,application/xhtml+xml,application/xml;q=0.9,*/*;q=0.8'
    'HTTP_ACCEPT_LANGUAGE' => 'de,en-US;q=0.7,en;q=0.3'
    'HTTP_ACCEPT_ENCODING' => 'gzip, deflate'
    'HTTP_REFERER' => 'http://front.dev/'
    'HTTP_COOKIE' => 'PHPSESSID=o8humlmh8mtaf08sejq871k3l7; _csrf=78a2a0e1b2035c0d86329fc5a6ee8de3ebbb585301448cb0a729428cadf1fe90a%3A2%3A%7Bi%3A0%3Bs%3A5%3A%22_csrf%22%3Bi%3A1%3Bs%3A32%3A%22O3079y-blp4S2FvWKDzCS0XasPB6lA5F%22%3B%7D'
    'HTTP_CONNECTION' => 'keep-alive'
    'PATH' => '/usr/local/sbin:/usr/local/bin:/usr/sbin:/usr/bin:/sbin:/bin'
    'SERVER_SIGNATURE' => '<address>Apache/2.4.7 (Ubuntu) Server at front.dev Port 80</address>
'
    'SERVER_SOFTWARE' => 'Apache/2.4.7 (Ubuntu)'
    'SERVER_NAME' => 'front.dev'
    'SERVER_ADDR' => '192.168.64.128'
    'SERVER_PORT' => '80'
    'REMOTE_ADDR' => '192.168.64.1'
    'DOCUMENT_ROOT' => '/mnt/hgfs/yii2/frontend/web'
    'REQUEST_SCHEME' => 'http'
    'CONTEXT_PREFIX' => ''
    'CONTEXT_DOCUMENT_ROOT' => '/mnt/hgfs/yii2/frontend/web'
    'SERVER_ADMIN' => '[no address given]'
    'SCRIPT_FILENAME' => '/mnt/hgfs/yii2/frontend/web/index.php'
    'REMOTE_PORT' => '60497'
    'GATEWAY_INTERFACE' => 'CGI/1.1'
    'SERVER_PROTOCOL' => 'HTTP/1.1'
    'REQUEST_METHOD' => 'GET'
    'QUERY_STRING' => 'r=site%2Fsignup'
    'REQUEST_URI' => '/index.php?r=site%2Fsignup'
    'SCRIPT_NAME' => '/index.php'
    'PHP_SELF' => '/index.php'
    'REQUEST_TIME_FLOAT' => 1462880291.582
    'REQUEST_TIME' => 1462880291
]
2016-05-10 11:38:44 [192.168.64.1][1][-][warning][yii\debug\Module::checkAccess] Access to debugger is denied due to IP address restriction. The requesting IP address is 192.168.64.1
    in /mnt/hgfs/yii2/frontend/views/layouts/main.php:79
    in /mnt/hgfs/yii2/frontend/controllers/SiteController.php:75
2016-05-10 11:38:44 [192.168.64.1][1][-][info][application] $_COOKIE = [
    'PHPSESSID' => 'rk90tnc75h9hp8ert51mjngqq5'
    '_csrf' => '78a2a0e1b2035c0d86329fc5a6ee8de3ebbb585301448cb0a729428cadf1fe90a:2:{i:0;s:5:\"_csrf\";i:1;s:32:\"O3079y-blp4S2FvWKDzCS0XasPB6lA5F\";}'
]

$_SESSION = [
    '__flash' => []
    '__id' => 1
]

$_SERVER = [
    'HTTP_HOST' => 'front.dev'
    'HTTP_USER_AGENT' => 'Mozilla/5.0 (Windows NT 10.0; WOW64; rv:46.0) Gecko/20100101 Firefox/46.0'
    'HTTP_ACCEPT' => 'text/html,application/xhtml+xml,application/xml;q=0.9,*/*;q=0.8'
    'HTTP_ACCEPT_LANGUAGE' => 'de,en-US;q=0.7,en;q=0.3'
    'HTTP_ACCEPT_ENCODING' => 'gzip, deflate'
    'HTTP_REFERER' => 'http://front.dev/index.php?r=site%2Fsignup'
    'HTTP_COOKIE' => 'PHPSESSID=rk90tnc75h9hp8ert51mjngqq5; _csrf=78a2a0e1b2035c0d86329fc5a6ee8de3ebbb585301448cb0a729428cadf1fe90a%3A2%3A%7Bi%3A0%3Bs%3A5%3A%22_csrf%22%3Bi%3A1%3Bs%3A32%3A%22O3079y-blp4S2FvWKDzCS0XasPB6lA5F%22%3B%7D'
    'HTTP_CONNECTION' => 'keep-alive'
    'PATH' => '/usr/local/sbin:/usr/local/bin:/usr/sbin:/usr/bin:/sbin:/bin'
    'SERVER_SIGNATURE' => '<address>Apache/2.4.7 (Ubuntu) Server at front.dev Port 80</address>
'
    'SERVER_SOFTWARE' => 'Apache/2.4.7 (Ubuntu)'
    'SERVER_NAME' => 'front.dev'
    'SERVER_ADDR' => '192.168.64.128'
    'SERVER_PORT' => '80'
    'REMOTE_ADDR' => '192.168.64.1'
    'DOCUMENT_ROOT' => '/mnt/hgfs/yii2/frontend/web'
    'REQUEST_SCHEME' => 'http'
    'CONTEXT_PREFIX' => ''
    'CONTEXT_DOCUMENT_ROOT' => '/mnt/hgfs/yii2/frontend/web'
    'SERVER_ADMIN' => '[no address given]'
    'SCRIPT_FILENAME' => '/mnt/hgfs/yii2/frontend/web/index.php'
    'REMOTE_PORT' => '60505'
    'GATEWAY_INTERFACE' => 'CGI/1.1'
    'SERVER_PROTOCOL' => 'HTTP/1.1'
    'REQUEST_METHOD' => 'GET'
    'QUERY_STRING' => ''
    'REQUEST_URI' => '/index.php'
    'SCRIPT_NAME' => '/index.php'
    'PHP_SELF' => '/index.php'
    'REQUEST_TIME_FLOAT' => 1462880324.617
    'REQUEST_TIME' => 1462880324
]
2016-05-11 09:14:36 [192.168.64.1][-][-][warning][yii\debug\Module::checkAccess] Access to debugger is denied due to IP address restriction. The requesting IP address is 192.168.64.1
    in /mnt/hgfs/yii2/frontend/views/layouts/main.php:79
    in /mnt/hgfs/yii2/frontend/controllers/SiteController.php:75
2016-05-11 09:14:35 [192.168.64.1][-][-][info][application] $_SESSION = [
    '__flash' => []
]

$_SERVER = [
    'HTTP_HOST' => 'front.dev'
    'HTTP_USER_AGENT' => 'Mozilla/5.0 (Windows NT 10.0; WOW64; rv:46.0) Gecko/20100101 Firefox/46.0'
    'HTTP_ACCEPT' => 'text/html,application/xhtml+xml,application/xml;q=0.9,*/*;q=0.8'
    'HTTP_ACCEPT_LANGUAGE' => 'de,en-US;q=0.7,en;q=0.3'
    'HTTP_ACCEPT_ENCODING' => 'gzip, deflate'
    'HTTP_CONNECTION' => 'keep-alive'
    'PATH' => '/usr/local/sbin:/usr/local/bin:/usr/sbin:/usr/bin:/sbin:/bin'
    'SERVER_SIGNATURE' => '<address>Apache/2.4.7 (Ubuntu) Server at front.dev Port 80</address>
'
    'SERVER_SOFTWARE' => 'Apache/2.4.7 (Ubuntu)'
    'SERVER_NAME' => 'front.dev'
    'SERVER_ADDR' => '192.168.64.128'
    'SERVER_PORT' => '80'
    'REMOTE_ADDR' => '192.168.64.1'
    'DOCUMENT_ROOT' => '/mnt/hgfs/yii2/frontend/web'
    'REQUEST_SCHEME' => 'http'
    'CONTEXT_PREFIX' => ''
    'CONTEXT_DOCUMENT_ROOT' => '/mnt/hgfs/yii2/frontend/web'
    'SERVER_ADMIN' => '[no address given]'
    'SCRIPT_FILENAME' => '/mnt/hgfs/yii2/frontend/web/index.php'
    'REMOTE_PORT' => '60387'
    'GATEWAY_INTERFACE' => 'CGI/1.1'
    'SERVER_PROTOCOL' => 'HTTP/1.1'
    'REQUEST_METHOD' => 'GET'
    'QUERY_STRING' => ''
    'REQUEST_URI' => '/'
    'SCRIPT_NAME' => '/index.php'
    'PHP_SELF' => '/index.php'
    'REQUEST_TIME_FLOAT' => 1462958075.509
    'REQUEST_TIME' => 1462958075
]
2016-05-11 09:42:20 [192.168.64.1][-][-][warning][yii\debug\Module::checkAccess] Access to debugger is denied due to IP address restriction. The requesting IP address is 192.168.64.1
    in /mnt/hgfs/yii2/frontend/views/layouts/main.php:79
    in /mnt/hgfs/yii2/frontend/controllers/SiteController.php:75
2016-05-11 09:42:20 [192.168.64.1][-][-][info][application] $_COOKIE = [
    'PHPSESSID' => 'b9c39qdni477afq053mbj7r150'
    '_csrf' => 'cc4befbfd1ea8f7f3a368881c6619f9cc478400f8d020dc796894a60a10c9d0ca:2:{i:0;s:5:\"_csrf\";i:1;s:32:\"yCNAAqA-XY2gyFqH8c_8A68nEVv09wUD\";}'
]

$_SESSION = [
    '__flash' => []
]

$_SERVER = [
    'HTTP_HOST' => 'front.dev'
    'HTTP_USER_AGENT' => 'Mozilla/5.0 (Windows NT 10.0; WOW64; rv:46.0) Gecko/20100101 Firefox/46.0'
    'HTTP_ACCEPT' => 'text/html,application/xhtml+xml,application/xml;q=0.9,*/*;q=0.8'
    'HTTP_ACCEPT_LANGUAGE' => 'de,en-US;q=0.7,en;q=0.3'
    'HTTP_ACCEPT_ENCODING' => 'gzip, deflate'
    'HTTP_COOKIE' => 'PHPSESSID=b9c39qdni477afq053mbj7r150; _csrf=cc4befbfd1ea8f7f3a368881c6619f9cc478400f8d020dc796894a60a10c9d0ca%3A2%3A%7Bi%3A0%3Bs%3A5%3A%22_csrf%22%3Bi%3A1%3Bs%3A32%3A%22yCNAAqA-XY2gyFqH8c_8A68nEVv09wUD%22%3B%7D'
    'HTTP_CONNECTION' => 'keep-alive'
    'PATH' => '/usr/local/sbin:/usr/local/bin:/usr/sbin:/usr/bin:/sbin:/bin'
    'SERVER_SIGNATURE' => '<address>Apache/2.4.7 (Ubuntu) Server at front.dev Port 80</address>
'
    'SERVER_SOFTWARE' => 'Apache/2.4.7 (Ubuntu)'
    'SERVER_NAME' => 'front.dev'
    'SERVER_ADDR' => '192.168.64.128'
    'SERVER_PORT' => '80'
    'REMOTE_ADDR' => '192.168.64.1'
    'DOCUMENT_ROOT' => '/mnt/hgfs/yii2/frontend/web'
    'REQUEST_SCHEME' => 'http'
    'CONTEXT_PREFIX' => ''
    'CONTEXT_DOCUMENT_ROOT' => '/mnt/hgfs/yii2/frontend/web'
    'SERVER_ADMIN' => '[no address given]'
    'SCRIPT_FILENAME' => '/mnt/hgfs/yii2/frontend/web/index.php'
    'REMOTE_PORT' => '62010'
    'GATEWAY_INTERFACE' => 'CGI/1.1'
    'SERVER_PROTOCOL' => 'HTTP/1.1'
    'REQUEST_METHOD' => 'GET'
    'QUERY_STRING' => ''
    'REQUEST_URI' => '/'
    'SCRIPT_NAME' => '/index.php'
    'PHP_SELF' => '/index.php'
    'REQUEST_TIME_FLOAT' => 1462959740.844
    'REQUEST_TIME' => 1462959740
]
2016-05-11 09:42:23 [192.168.64.1][-][-][warning][yii\debug\Module::checkAccess] Access to debugger is denied due to IP address restriction. The requesting IP address is 192.168.64.1
    in /mnt/hgfs/yii2/frontend/views/layouts/main.php:79
    in /mnt/hgfs/yii2/frontend/controllers/SiteController.php:162
2016-05-11 09:42:23 [192.168.64.1][-][-][info][application] $_GET = [
    'r' => 'site/signup'
]

$_COOKIE = [
    'PHPSESSID' => 'b9c39qdni477afq053mbj7r150'
    '_csrf' => 'cc4befbfd1ea8f7f3a368881c6619f9cc478400f8d020dc796894a60a10c9d0ca:2:{i:0;s:5:\"_csrf\";i:1;s:32:\"yCNAAqA-XY2gyFqH8c_8A68nEVv09wUD\";}'
]

$_SESSION = [
    '__flash' => []
]

$_SERVER = [
    'HTTP_HOST' => 'front.dev'
    'HTTP_USER_AGENT' => 'Mozilla/5.0 (Windows NT 10.0; WOW64; rv:46.0) Gecko/20100101 Firefox/46.0'
    'HTTP_ACCEPT' => 'text/html,application/xhtml+xml,application/xml;q=0.9,*/*;q=0.8'
    'HTTP_ACCEPT_LANGUAGE' => 'de,en-US;q=0.7,en;q=0.3'
    'HTTP_ACCEPT_ENCODING' => 'gzip, deflate'
    'HTTP_REFERER' => 'http://front.dev/'
    'HTTP_COOKIE' => 'PHPSESSID=b9c39qdni477afq053mbj7r150; _csrf=cc4befbfd1ea8f7f3a368881c6619f9cc478400f8d020dc796894a60a10c9d0ca%3A2%3A%7Bi%3A0%3Bs%3A5%3A%22_csrf%22%3Bi%3A1%3Bs%3A32%3A%22yCNAAqA-XY2gyFqH8c_8A68nEVv09wUD%22%3B%7D'
    'HTTP_CONNECTION' => 'keep-alive'
    'PATH' => '/usr/local/sbin:/usr/local/bin:/usr/sbin:/usr/bin:/sbin:/bin'
    'SERVER_SIGNATURE' => '<address>Apache/2.4.7 (Ubuntu) Server at front.dev Port 80</address>
'
    'SERVER_SOFTWARE' => 'Apache/2.4.7 (Ubuntu)'
    'SERVER_NAME' => 'front.dev'
    'SERVER_ADDR' => '192.168.64.128'
    'SERVER_PORT' => '80'
    'REMOTE_ADDR' => '192.168.64.1'
    'DOCUMENT_ROOT' => '/mnt/hgfs/yii2/frontend/web'
    'REQUEST_SCHEME' => 'http'
    'CONTEXT_PREFIX' => ''
    'CONTEXT_DOCUMENT_ROOT' => '/mnt/hgfs/yii2/frontend/web'
    'SERVER_ADMIN' => '[no address given]'
    'SCRIPT_FILENAME' => '/mnt/hgfs/yii2/frontend/web/index.php'
    'REMOTE_PORT' => '62010'
    'GATEWAY_INTERFACE' => 'CGI/1.1'
    'SERVER_PROTOCOL' => 'HTTP/1.1'
    'REQUEST_METHOD' => 'GET'
    'QUERY_STRING' => 'r=site%2Fsignup'
    'REQUEST_URI' => '/index.php?r=site%2Fsignup'
    'SCRIPT_NAME' => '/index.php'
    'PHP_SELF' => '/index.php'
    'REQUEST_TIME_FLOAT' => 1462959743.659
    'REQUEST_TIME' => 1462959743
]
2016-05-11 09:42:59 [192.168.64.1][2][-][warning][yii\debug\Module::checkAccess] Access to debugger is denied due to IP address restriction. The requesting IP address is 192.168.64.1
    in /mnt/hgfs/yii2/frontend/views/layouts/main.php:79
    in /mnt/hgfs/yii2/frontend/controllers/SiteController.php:75
2016-05-11 09:42:59 [192.168.64.1][2][-][info][application] $_COOKIE = [
    'PHPSESSID' => '6mkm1v57gcducb2i1bngve55i6'
    '_csrf' => 'cc4befbfd1ea8f7f3a368881c6619f9cc478400f8d020dc796894a60a10c9d0ca:2:{i:0;s:5:\"_csrf\";i:1;s:32:\"yCNAAqA-XY2gyFqH8c_8A68nEVv09wUD\";}'
]

$_SESSION = [
    '__flash' => []
    '__id' => 2
]

$_SERVER = [
    'HTTP_HOST' => 'front.dev'
    'HTTP_USER_AGENT' => 'Mozilla/5.0 (Windows NT 10.0; WOW64; rv:46.0) Gecko/20100101 Firefox/46.0'
    'HTTP_ACCEPT' => 'text/html,application/xhtml+xml,application/xml;q=0.9,*/*;q=0.8'
    'HTTP_ACCEPT_LANGUAGE' => 'de,en-US;q=0.7,en;q=0.3'
    'HTTP_ACCEPT_ENCODING' => 'gzip, deflate'
    'HTTP_REFERER' => 'http://front.dev/index.php?r=site%2Fsignup'
    'HTTP_COOKIE' => 'PHPSESSID=6mkm1v57gcducb2i1bngve55i6; _csrf=cc4befbfd1ea8f7f3a368881c6619f9cc478400f8d020dc796894a60a10c9d0ca%3A2%3A%7Bi%3A0%3Bs%3A5%3A%22_csrf%22%3Bi%3A1%3Bs%3A32%3A%22yCNAAqA-XY2gyFqH8c_8A68nEVv09wUD%22%3B%7D'
    'HTTP_CONNECTION' => 'keep-alive'
    'PATH' => '/usr/local/sbin:/usr/local/bin:/usr/sbin:/usr/bin:/sbin:/bin'
    'SERVER_SIGNATURE' => '<address>Apache/2.4.7 (Ubuntu) Server at front.dev Port 80</address>
'
    'SERVER_SOFTWARE' => 'Apache/2.4.7 (Ubuntu)'
    'SERVER_NAME' => 'front.dev'
    'SERVER_ADDR' => '192.168.64.128'
    'SERVER_PORT' => '80'
    'REMOTE_ADDR' => '192.168.64.1'
    'DOCUMENT_ROOT' => '/mnt/hgfs/yii2/frontend/web'
    'REQUEST_SCHEME' => 'http'
    'CONTEXT_PREFIX' => ''
    'CONTEXT_DOCUMENT_ROOT' => '/mnt/hgfs/yii2/frontend/web'
    'SERVER_ADMIN' => '[no address given]'
    'SCRIPT_FILENAME' => '/mnt/hgfs/yii2/frontend/web/index.php'
    'REMOTE_PORT' => '62012'
    'GATEWAY_INTERFACE' => 'CGI/1.1'
    'SERVER_PROTOCOL' => 'HTTP/1.1'
    'REQUEST_METHOD' => 'GET'
    'QUERY_STRING' => ''
    'REQUEST_URI' => '/index.php'
    'SCRIPT_NAME' => '/index.php'
    'PHP_SELF' => '/index.php'
    'REQUEST_TIME_FLOAT' => 1462959779.355
    'REQUEST_TIME' => 1462959779
]
2016-05-11 10:18:03 [192.168.64.1][-][-][warning][yii\debug\Module::checkAccess] Access to debugger is denied due to IP address restriction. The requesting IP address is 192.168.64.1
    in /mnt/hgfs/yii2/frontend/views/layouts/main.php:79
    in /mnt/hgfs/yii2/frontend/controllers/SiteController.php:75
2016-05-11 10:18:03 [192.168.64.1][-][-][info][application] $_COOKIE = [
    'PHPSESSID' => '6mkm1v57gcducb2i1bngve55i6'
    '_csrf' => 'cc4befbfd1ea8f7f3a368881c6619f9cc478400f8d020dc796894a60a10c9d0ca:2:{i:0;s:5:\"_csrf\";i:1;s:32:\"yCNAAqA-XY2gyFqH8c_8A68nEVv09wUD\";}'
]

$_SESSION = [
    '__flash' => []
]

$_SERVER = [
    'HTTP_HOST' => 'front.dev'
    'HTTP_USER_AGENT' => 'Mozilla/5.0 (Windows NT 10.0; WOW64; rv:46.0) Gecko/20100101 Firefox/46.0'
    'HTTP_ACCEPT' => 'text/html,application/xhtml+xml,application/xml;q=0.9,*/*;q=0.8'
    'HTTP_ACCEPT_LANGUAGE' => 'de,en-US;q=0.7,en;q=0.3'
    'HTTP_ACCEPT_ENCODING' => 'gzip, deflate'
    'HTTP_COOKIE' => 'PHPSESSID=6mkm1v57gcducb2i1bngve55i6; _csrf=cc4befbfd1ea8f7f3a368881c6619f9cc478400f8d020dc796894a60a10c9d0ca%3A2%3A%7Bi%3A0%3Bs%3A5%3A%22_csrf%22%3Bi%3A1%3Bs%3A32%3A%22yCNAAqA-XY2gyFqH8c_8A68nEVv09wUD%22%3B%7D'
    'HTTP_CONNECTION' => 'keep-alive'
    'PATH' => '/usr/local/sbin:/usr/local/bin:/usr/sbin:/usr/bin:/sbin:/bin'
    'SERVER_SIGNATURE' => '<address>Apache/2.4.7 (Ubuntu) Server at front.dev Port 80</address>
'
    'SERVER_SOFTWARE' => 'Apache/2.4.7 (Ubuntu)'
    'SERVER_NAME' => 'front.dev'
    'SERVER_ADDR' => '192.168.64.128'
    'SERVER_PORT' => '80'
    'REMOTE_ADDR' => '192.168.64.1'
    'DOCUMENT_ROOT' => '/mnt/hgfs/yii2/frontend/web'
    'REQUEST_SCHEME' => 'http'
    'CONTEXT_PREFIX' => ''
    'CONTEXT_DOCUMENT_ROOT' => '/mnt/hgfs/yii2/frontend/web'
    'SERVER_ADMIN' => '[no address given]'
    'SCRIPT_FILENAME' => '/mnt/hgfs/yii2/frontend/web/index.php'
    'REMOTE_PORT' => '60431'
    'GATEWAY_INTERFACE' => 'CGI/1.1'
    'SERVER_PROTOCOL' => 'HTTP/1.1'
    'REQUEST_METHOD' => 'GET'
    'QUERY_STRING' => ''
    'REQUEST_URI' => '/index.php'
    'SCRIPT_NAME' => '/index.php'
    'PHP_SELF' => '/index.php'
    'REQUEST_TIME_FLOAT' => 1462961883.051
    'REQUEST_TIME' => 1462961883
]
2016-05-11 10:25:38 [192.168.64.1][-][-][warning][yii\debug\Module::checkAccess] Access to debugger is denied due to IP address restriction. The requesting IP address is 192.168.64.1
    in /mnt/hgfs/yii2/frontend/views/layouts/main.php:79
    in /mnt/hgfs/yii2/frontend/controllers/SiteController.php:75
2016-05-11 10:25:38 [192.168.64.1][-][-][info][application] $_COOKIE = [
    'PHPSESSID' => '6mkm1v57gcducb2i1bngve55i6'
    '_csrf' => 'cc4befbfd1ea8f7f3a368881c6619f9cc478400f8d020dc796894a60a10c9d0ca:2:{i:0;s:5:\"_csrf\";i:1;s:32:\"yCNAAqA-XY2gyFqH8c_8A68nEVv09wUD\";}'
]

$_SESSION = [
    '__flash' => []
]

$_SERVER = [
    'HTTP_HOST' => 'front.dev'
    'HTTP_USER_AGENT' => 'Mozilla/5.0 (Windows NT 10.0; WOW64; rv:46.0) Gecko/20100101 Firefox/46.0'
    'HTTP_ACCEPT' => 'text/html,application/xhtml+xml,application/xml;q=0.9,*/*;q=0.8'
    'HTTP_ACCEPT_LANGUAGE' => 'de,en-US;q=0.7,en;q=0.3'
    'HTTP_ACCEPT_ENCODING' => 'gzip, deflate'
    'HTTP_COOKIE' => 'PHPSESSID=6mkm1v57gcducb2i1bngve55i6; _csrf=cc4befbfd1ea8f7f3a368881c6619f9cc478400f8d020dc796894a60a10c9d0ca%3A2%3A%7Bi%3A0%3Bs%3A5%3A%22_csrf%22%3Bi%3A1%3Bs%3A32%3A%22yCNAAqA-XY2gyFqH8c_8A68nEVv09wUD%22%3B%7D'
    'HTTP_CONNECTION' => 'keep-alive'
    'PATH' => '/usr/local/sbin:/usr/local/bin:/usr/sbin:/usr/bin:/sbin:/bin'
    'SERVER_SIGNATURE' => '<address>Apache/2.4.7 (Ubuntu) Server at front.dev Port 80</address>
'
    'SERVER_SOFTWARE' => 'Apache/2.4.7 (Ubuntu)'
    'SERVER_NAME' => 'front.dev'
    'SERVER_ADDR' => '192.168.64.128'
    'SERVER_PORT' => '80'
    'REMOTE_ADDR' => '192.168.64.1'
    'DOCUMENT_ROOT' => '/mnt/hgfs/yii2/frontend/web'
    'REQUEST_SCHEME' => 'http'
    'CONTEXT_PREFIX' => ''
    'CONTEXT_DOCUMENT_ROOT' => '/mnt/hgfs/yii2/frontend/web'
    'SERVER_ADMIN' => '[no address given]'
    'SCRIPT_FILENAME' => '/mnt/hgfs/yii2/frontend/web/index.php'
    'REMOTE_PORT' => '62570'
    'GATEWAY_INTERFACE' => 'CGI/1.1'
    'SERVER_PROTOCOL' => 'HTTP/1.1'
    'REQUEST_METHOD' => 'GET'
    'QUERY_STRING' => ''
    'REQUEST_URI' => '/index.php'
    'SCRIPT_NAME' => '/index.php'
    'PHP_SELF' => '/index.php'
    'REQUEST_TIME_FLOAT' => 1462962338.75
    'REQUEST_TIME' => 1462962338
]
2016-05-11 10:57:58 [192.168.64.1][-][-][warning][yii\debug\Module::checkAccess] Access to debugger is denied due to IP address restriction. The requesting IP address is 192.168.64.1
    in /mnt/hgfs/yii2/frontend/views/layouts/main.php:79
    in /mnt/hgfs/yii2/frontend/controllers/SiteController.php:95
2016-05-11 10:57:57 [192.168.64.1][-][-][info][application] $_GET = [
    'r' => 'site/login'
]

$_COOKIE = [
    'PHPSESSID' => '6mkm1v57gcducb2i1bngve55i6'
    '_csrf' => 'cc4befbfd1ea8f7f3a368881c6619f9cc478400f8d020dc796894a60a10c9d0ca:2:{i:0;s:5:\"_csrf\";i:1;s:32:\"yCNAAqA-XY2gyFqH8c_8A68nEVv09wUD\";}'
]

$_SESSION = [
    '__flash' => []
]

$_SERVER = [
    'HTTP_HOST' => 'front.dev'
    'HTTP_USER_AGENT' => 'Mozilla/5.0 (Windows NT 10.0; WOW64; rv:46.0) Gecko/20100101 Firefox/46.0'
    'HTTP_ACCEPT' => 'text/html,application/xhtml+xml,application/xml;q=0.9,*/*;q=0.8'
    'HTTP_ACCEPT_LANGUAGE' => 'de,en-US;q=0.7,en;q=0.3'
    'HTTP_ACCEPT_ENCODING' => 'gzip, deflate'
    'HTTP_REFERER' => 'http://front.dev/index.php'
    'HTTP_COOKIE' => 'PHPSESSID=6mkm1v57gcducb2i1bngve55i6; _csrf=cc4befbfd1ea8f7f3a368881c6619f9cc478400f8d020dc796894a60a10c9d0ca%3A2%3A%7Bi%3A0%3Bs%3A5%3A%22_csrf%22%3Bi%3A1%3Bs%3A32%3A%22yCNAAqA-XY2gyFqH8c_8A68nEVv09wUD%22%3B%7D'
    'HTTP_CONNECTION' => 'keep-alive'
    'PATH' => '/usr/local/sbin:/usr/local/bin:/usr/sbin:/usr/bin:/sbin:/bin'
    'SERVER_SIGNATURE' => '<address>Apache/2.4.7 (Ubuntu) Server at front.dev Port 80</address>
'
    'SERVER_SOFTWARE' => 'Apache/2.4.7 (Ubuntu)'
    'SERVER_NAME' => 'front.dev'
    'SERVER_ADDR' => '192.168.64.128'
    'SERVER_PORT' => '80'
    'REMOTE_ADDR' => '192.168.64.1'
    'DOCUMENT_ROOT' => '/mnt/hgfs/yii2/frontend/web'
    'REQUEST_SCHEME' => 'http'
    'CONTEXT_PREFIX' => ''
    'CONTEXT_DOCUMENT_ROOT' => '/mnt/hgfs/yii2/frontend/web'
    'SERVER_ADMIN' => '[no address given]'
    'SCRIPT_FILENAME' => '/mnt/hgfs/yii2/frontend/web/index.php'
    'REMOTE_PORT' => '62759'
    'GATEWAY_INTERFACE' => 'CGI/1.1'
    'SERVER_PROTOCOL' => 'HTTP/1.1'
    'REQUEST_METHOD' => 'GET'
    'QUERY_STRING' => 'r=site%2Flogin'
    'REQUEST_URI' => '/index.php?r=site%2Flogin'
    'SCRIPT_NAME' => '/index.php'
    'PHP_SELF' => '/index.php'
    'REQUEST_TIME_FLOAT' => 1462964277.962
    'REQUEST_TIME' => 1462964277
]
2016-05-12 08:08:47 [127.0.0.1][-][-][error][yii\base\InvalidConfigException] exception 'yii\base\InvalidConfigException' with message 'Either GD PHP extension with FreeType support or ImageMagick PHP extension with PNG support is required.' in /mnt/hgfs/yii2/vendor/yiisoft/yii2/captcha/Captcha.php:180
Stack trace:
#0 /mnt/hgfs/yii2/vendor/yiisoft/yii2/captcha/Captcha.php(94): yii\captcha\Captcha::checkRequirements()
#1 /mnt/hgfs/yii2/vendor/yiisoft/yii2/base/Object.php(107): yii\captcha\Captcha->init()
#2 [internal function]: yii\base\Object->__construct(Array)
#3 /mnt/hgfs/yii2/vendor/yiisoft/yii2/di/Container.php(374): ReflectionClass->newInstanceArgs(Array)
#4 /mnt/hgfs/yii2/vendor/yiisoft/yii2/di/Container.php(153): yii\di\Container->build('yii\captcha\Cap...', Array, Array)
#5 /mnt/hgfs/yii2/vendor/yiisoft/yii2/BaseYii.php(344): yii\di\Container->get('yii\captcha\Cap...', Array, Array)
#6 /mnt/hgfs/yii2/vendor/yiisoft/yii2/base/Widget.php(97): yii\BaseYii::createObject(Array)
#7 /mnt/hgfs/yii2/vendor/yiisoft/yii2/widgets/ActiveField.php(671): yii\base\Widget::widget(Array)
#8 /mnt/hgfs/yii2/frontend/views/site/contact.php(35): yii\widgets\ActiveField->widget('yii\captcha\Cap...', Array)
#9 /mnt/hgfs/yii2/vendor/yiisoft/yii2/base/View.php(325): require('/mnt/hgfs/yii2/...')
#10 /mnt/hgfs/yii2/vendor/yiisoft/yii2/base/View.php(247): yii\base\View->renderPhpFile('/mnt/hgfs/yii2/...', Array)
#11 /mnt/hgfs/yii2/vendor/yiisoft/yii2/base/View.php(149): yii\base\View->renderFile('/mnt/hgfs/yii2/...', Array, Object(frontend\controllers\SiteController))
#12 /mnt/hgfs/yii2/vendor/yiisoft/yii2/base/Controller.php(377): yii\base\View->render('contact', Array, Object(frontend\controllers\SiteController))
#13 /mnt/hgfs/yii2/frontend/controllers/SiteController.php(130): yii\base\Controller->render('contact', Array)
#14 [internal function]: frontend\controllers\SiteController->actionContact()
#15 /mnt/hgfs/yii2/vendor/yiisoft/yii2/base/InlineAction.php(55): call_user_func_array(Array, Array)
#16 /mnt/hgfs/yii2/vendor/yiisoft/yii2/base/Controller.php(154): yii\base\InlineAction->runWithParams(Array)
#17 /mnt/hgfs/yii2/vendor/yiisoft/yii2/base/Module.php(454): yii\base\Controller->runAction('contact', Array)
#18 /mnt/hgfs/yii2/vendor/yiisoft/yii2/web/Application.php(84): yii\base\Module->runAction('site/contact', Array)
#19 /mnt/hgfs/yii2/vendor/yiisoft/yii2/base/Application.php(375): yii\web\Application->handleRequest(Object(yii\web\Request))
#20 /mnt/hgfs/yii2/frontend/web/index.php(18): yii\base\Application->run()
#21 {main}
2016-05-12 08:08:47 [127.0.0.1][-][-][info][application] $_GET = [
    'r' => 'site/contact'
]

$_COOKIE = [
    'PHPSESSID' => 'ebnlpfp48hpvrf8v8g88m4a851'
    '_csrf' => '66fcd8ea406acaf6a2169753b310a38019e346931835e1344434e3d2eee2abf6a:2:{i:0;s:5:\"_csrf\";i:1;s:32:\"5_lSTOmA6eT1e8eCVk-WtXS81vSXDEyO\";}'
]

$_SERVER = [
    'HTTP_HOST' => 'front.dev'
    'HTTP_USER_AGENT' => 'Mozilla/5.0 (X11; Ubuntu; Linux x86_64; rv:45.0) Gecko/20100101 Firefox/45.0'
    'HTTP_ACCEPT' => 'text/html,application/xhtml+xml,application/xml;q=0.9,*/*;q=0.8'
    'HTTP_ACCEPT_LANGUAGE' => 'en-US,en;q=0.5'
    'HTTP_ACCEPT_ENCODING' => 'gzip, deflate'
    'HTTP_REFERER' => 'http://front.dev/'
    'HTTP_COOKIE' => 'PHPSESSID=ebnlpfp48hpvrf8v8g88m4a851; _csrf=66fcd8ea406acaf6a2169753b310a38019e346931835e1344434e3d2eee2abf6a%3A2%3A%7Bi%3A0%3Bs%3A5%3A%22_csrf%22%3Bi%3A1%3Bs%3A32%3A%225_lSTOmA6eT1e8eCVk-WtXS81vSXDEyO%22%3B%7D'
    'HTTP_CONNECTION' => 'keep-alive'
    'PATH' => '/usr/local/sbin:/usr/local/bin:/usr/sbin:/usr/bin:/sbin:/bin'
    'SERVER_SIGNATURE' => '<address>Apache/2.4.7 (Ubuntu) Server at front.dev Port 80</address>
'
    'SERVER_SOFTWARE' => 'Apache/2.4.7 (Ubuntu)'
    'SERVER_NAME' => 'front.dev'
    'SERVER_ADDR' => '127.0.0.1'
    'SERVER_PORT' => '80'
    'REMOTE_ADDR' => '127.0.0.1'
    'DOCUMENT_ROOT' => '/mnt/hgfs/yii2/frontend/web'
    'REQUEST_SCHEME' => 'http'
    'CONTEXT_PREFIX' => ''
    'CONTEXT_DOCUMENT_ROOT' => '/mnt/hgfs/yii2/frontend/web'
    'SERVER_ADMIN' => '[no address given]'
    'SCRIPT_FILENAME' => '/mnt/hgfs/yii2/frontend/web/index.php'
    'REMOTE_PORT' => '50130'
    'GATEWAY_INTERFACE' => 'CGI/1.1'
    'SERVER_PROTOCOL' => 'HTTP/1.1'
    'REQUEST_METHOD' => 'GET'
    'QUERY_STRING' => 'r=site%2Fcontact'
    'REQUEST_URI' => '/index.php?r=site%2Fcontact'
    'SCRIPT_NAME' => '/index.php'
    'PHP_SELF' => '/index.php'
    'REQUEST_TIME_FLOAT' => 1463040527.281
    'REQUEST_TIME' => 1463040527
]
2016-05-12 08:09:53 [127.0.0.1][-][-][error][yii\base\InvalidConfigException] exception 'yii\base\InvalidConfigException' with message 'Either GD PHP extension with FreeType support or ImageMagick PHP extension with PNG support is required.' in /mnt/hgfs/yii2/vendor/yiisoft/yii2/captcha/Captcha.php:180
Stack trace:
#0 /mnt/hgfs/yii2/vendor/yiisoft/yii2/captcha/Captcha.php(94): yii\captcha\Captcha::checkRequirements()
#1 /mnt/hgfs/yii2/vendor/yiisoft/yii2/base/Object.php(107): yii\captcha\Captcha->init()
#2 [internal function]: yii\base\Object->__construct(Array)
#3 /mnt/hgfs/yii2/vendor/yiisoft/yii2/di/Container.php(374): ReflectionClass->newInstanceArgs(Array)
#4 /mnt/hgfs/yii2/vendor/yiisoft/yii2/di/Container.php(153): yii\di\Container->build('yii\captcha\Cap...', Array, Array)
#5 /mnt/hgfs/yii2/vendor/yiisoft/yii2/BaseYii.php(344): yii\di\Container->get('yii\captcha\Cap...', Array, Array)
#6 /mnt/hgfs/yii2/vendor/yiisoft/yii2/base/Widget.php(97): yii\BaseYii::createObject(Array)
#7 /mnt/hgfs/yii2/vendor/yiisoft/yii2/widgets/ActiveField.php(671): yii\base\Widget::widget(Array)
#8 /mnt/hgfs/yii2/frontend/views/site/contact.php(35): yii\widgets\ActiveField->widget('yii\captcha\Cap...', Array)
#9 /mnt/hgfs/yii2/vendor/yiisoft/yii2/base/View.php(325): require('/mnt/hgfs/yii2/...')
#10 /mnt/hgfs/yii2/vendor/yiisoft/yii2/base/View.php(247): yii\base\View->renderPhpFile('/mnt/hgfs/yii2/...', Array)
#11 /mnt/hgfs/yii2/vendor/yiisoft/yii2/base/View.php(149): yii\base\View->renderFile('/mnt/hgfs/yii2/...', Array, Object(frontend\controllers\SiteController))
#12 /mnt/hgfs/yii2/vendor/yiisoft/yii2/base/Controller.php(377): yii\base\View->render('contact', Array, Object(frontend\controllers\SiteController))
#13 /mnt/hgfs/yii2/frontend/controllers/SiteController.php(130): yii\base\Controller->render('contact', Array)
#14 [internal function]: frontend\controllers\SiteController->actionContact()
#15 /mnt/hgfs/yii2/vendor/yiisoft/yii2/base/InlineAction.php(55): call_user_func_array(Array, Array)
#16 /mnt/hgfs/yii2/vendor/yiisoft/yii2/base/Controller.php(154): yii\base\InlineAction->runWithParams(Array)
#17 /mnt/hgfs/yii2/vendor/yiisoft/yii2/base/Module.php(454): yii\base\Controller->runAction('contact', Array)
#18 /mnt/hgfs/yii2/vendor/yiisoft/yii2/web/Application.php(84): yii\base\Module->runAction('site/contact', Array)
#19 /mnt/hgfs/yii2/vendor/yiisoft/yii2/base/Application.php(375): yii\web\Application->handleRequest(Object(yii\web\Request))
#20 /mnt/hgfs/yii2/frontend/web/index.php(18): yii\base\Application->run()
#21 {main}
2016-05-12 08:09:53 [127.0.0.1][-][-][info][application] $_GET = [
    'r' => 'site/contact'
]

$_COOKIE = [
    'PHPSESSID' => 'dcc9171i34bsv3l57bqctqdc83'
    '_csrf' => '66fcd8ea406acaf6a2169753b310a38019e346931835e1344434e3d2eee2abf6a:2:{i:0;s:5:\"_csrf\";i:1;s:32:\"5_lSTOmA6eT1e8eCVk-WtXS81vSXDEyO\";}'
    '_identity' => '497be2f561615ed4f77228e01fffda3066a78919118b29412f4d2484b19c5241a:2:{i:0;s:9:\"_identity\";i:1;s:46:\"[2,\"ZKd59q8u2509cHsxQ_f6oQ3TDTPKcumc\",2592000]\";}'
]

$_SERVER = [
    'HTTP_HOST' => 'front.dev'
    'HTTP_USER_AGENT' => 'Mozilla/5.0 (X11; Ubuntu; Linux x86_64; rv:45.0) Gecko/20100101 Firefox/45.0'
    'HTTP_ACCEPT' => 'text/html,application/xhtml+xml,application/xml;q=0.9,*/*;q=0.8'
    'HTTP_ACCEPT_LANGUAGE' => 'en-US,en;q=0.5'
    'HTTP_ACCEPT_ENCODING' => 'gzip, deflate'
    'HTTP_REFERER' => 'http://front.dev/index.php'
    'HTTP_COOKIE' => 'PHPSESSID=dcc9171i34bsv3l57bqctqdc83; _csrf=66fcd8ea406acaf6a2169753b310a38019e346931835e1344434e3d2eee2abf6a%3A2%3A%7Bi%3A0%3Bs%3A5%3A%22_csrf%22%3Bi%3A1%3Bs%3A32%3A%225_lSTOmA6eT1e8eCVk-WtXS81vSXDEyO%22%3B%7D; _identity=497be2f561615ed4f77228e01fffda3066a78919118b29412f4d2484b19c5241a%3A2%3A%7Bi%3A0%3Bs%3A9%3A%22_identity%22%3Bi%3A1%3Bs%3A46%3A%22%5B2%2C%22ZKd59q8u2509cHsxQ_f6oQ3TDTPKcumc%22%2C2592000%5D%22%3B%7D'
    'HTTP_CONNECTION' => 'keep-alive'
    'PATH' => '/usr/local/sbin:/usr/local/bin:/usr/sbin:/usr/bin:/sbin:/bin'
    'SERVER_SIGNATURE' => '<address>Apache/2.4.7 (Ubuntu) Server at front.dev Port 80</address>
'
    'SERVER_SOFTWARE' => 'Apache/2.4.7 (Ubuntu)'
    'SERVER_NAME' => 'front.dev'
    'SERVER_ADDR' => '127.0.0.1'
    'SERVER_PORT' => '80'
    'REMOTE_ADDR' => '127.0.0.1'
    'DOCUMENT_ROOT' => '/mnt/hgfs/yii2/frontend/web'
    'REQUEST_SCHEME' => 'http'
    'CONTEXT_PREFIX' => ''
    'CONTEXT_DOCUMENT_ROOT' => '/mnt/hgfs/yii2/frontend/web'
    'SERVER_ADMIN' => '[no address given]'
    'SCRIPT_FILENAME' => '/mnt/hgfs/yii2/frontend/web/index.php'
    'REMOTE_PORT' => '50156'
    'GATEWAY_INTERFACE' => 'CGI/1.1'
    'SERVER_PROTOCOL' => 'HTTP/1.1'
    'REQUEST_METHOD' => 'GET'
    'QUERY_STRING' => 'r=site%2Fcontact'
    'REQUEST_URI' => '/index.php?r=site%2Fcontact'
    'SCRIPT_NAME' => '/index.php'
    'PHP_SELF' => '/index.php'
    'REQUEST_TIME_FLOAT' => 1463040593.854
    'REQUEST_TIME' => 1463040593
]
2016-05-12 08:31:35 [127.0.0.1][-][-][error][yii\base\InvalidConfigException] exception 'yii\base\InvalidConfigException' with message 'Either GD PHP extension with FreeType support or ImageMagick PHP extension with PNG support is required.' in /mnt/hgfs/yii2/vendor/yiisoft/yii2/captcha/Captcha.php:180
Stack trace:
#0 /mnt/hgfs/yii2/vendor/yiisoft/yii2/captcha/Captcha.php(94): yii\captcha\Captcha::checkRequirements()
#1 /mnt/hgfs/yii2/vendor/yiisoft/yii2/base/Object.php(107): yii\captcha\Captcha->init()
#2 [internal function]: yii\base\Object->__construct(Array)
#3 /mnt/hgfs/yii2/vendor/yiisoft/yii2/di/Container.php(374): ReflectionClass->newInstanceArgs(Array)
#4 /mnt/hgfs/yii2/vendor/yiisoft/yii2/di/Container.php(153): yii\di\Container->build('yii\captcha\Cap...', Array, Array)
#5 /mnt/hgfs/yii2/vendor/yiisoft/yii2/BaseYii.php(344): yii\di\Container->get('yii\captcha\Cap...', Array, Array)
#6 /mnt/hgfs/yii2/vendor/yiisoft/yii2/base/Widget.php(97): yii\BaseYii::createObject(Array)
#7 /mnt/hgfs/yii2/vendor/yiisoft/yii2/widgets/ActiveField.php(671): yii\base\Widget::widget(Array)
#8 /mnt/hgfs/yii2/frontend/views/site/contact.php(35): yii\widgets\ActiveField->widget('yii\captcha\Cap...', Array)
#9 /mnt/hgfs/yii2/vendor/yiisoft/yii2/base/View.php(325): require('/mnt/hgfs/yii2/...')
#10 /mnt/hgfs/yii2/vendor/yiisoft/yii2/base/View.php(247): yii\base\View->renderPhpFile('/mnt/hgfs/yii2/...', Array)
#11 /mnt/hgfs/yii2/vendor/yiisoft/yii2/base/View.php(149): yii\base\View->renderFile('/mnt/hgfs/yii2/...', Array, Object(frontend\controllers\SiteController))
#12 /mnt/hgfs/yii2/vendor/yiisoft/yii2/base/Controller.php(377): yii\base\View->render('contact', Array, Object(frontend\controllers\SiteController))
#13 /mnt/hgfs/yii2/frontend/controllers/SiteController.php(130): yii\base\Controller->render('contact', Array)
#14 [internal function]: frontend\controllers\SiteController->actionContact()
#15 /mnt/hgfs/yii2/vendor/yiisoft/yii2/base/InlineAction.php(55): call_user_func_array(Array, Array)
#16 /mnt/hgfs/yii2/vendor/yiisoft/yii2/base/Controller.php(154): yii\base\InlineAction->runWithParams(Array)
#17 /mnt/hgfs/yii2/vendor/yiisoft/yii2/base/Module.php(454): yii\base\Controller->runAction('contact', Array)
#18 /mnt/hgfs/yii2/vendor/yiisoft/yii2/web/Application.php(84): yii\base\Module->runAction('site/contact', Array)
#19 /mnt/hgfs/yii2/vendor/yiisoft/yii2/base/Application.php(375): yii\web\Application->handleRequest(Object(yii\web\Request))
#20 /mnt/hgfs/yii2/frontend/web/index.php(18): yii\base\Application->run()
#21 {main}
2016-05-12 08:31:35 [127.0.0.1][-][-][info][application] $_GET = [
    'r' => 'site/contact'
]

$_COOKIE = [
    'PHPSESSID' => 'dcc9171i34bsv3l57bqctqdc83'
    '_csrf' => '66fcd8ea406acaf6a2169753b310a38019e346931835e1344434e3d2eee2abf6a:2:{i:0;s:5:\"_csrf\";i:1;s:32:\"5_lSTOmA6eT1e8eCVk-WtXS81vSXDEyO\";}'
    '_identity' => '497be2f561615ed4f77228e01fffda3066a78919118b29412f4d2484b19c5241a:2:{i:0;s:9:\"_identity\";i:1;s:46:\"[2,\"ZKd59q8u2509cHsxQ_f6oQ3TDTPKcumc\",2592000]\";}'
]

$_SERVER = [
    'HTTP_HOST' => 'front.dev'
    'HTTP_USER_AGENT' => 'Mozilla/5.0 (X11; Ubuntu; Linux x86_64; rv:45.0) Gecko/20100101 Firefox/45.0'
    'HTTP_ACCEPT' => 'text/html,application/xhtml+xml,application/xml;q=0.9,*/*;q=0.8'
    'HTTP_ACCEPT_LANGUAGE' => 'en-US,en;q=0.5'
    'HTTP_ACCEPT_ENCODING' => 'gzip, deflate'
    'HTTP_REFERER' => 'http://front.dev/index.php?r=site%2Fabout'
    'HTTP_COOKIE' => 'PHPSESSID=dcc9171i34bsv3l57bqctqdc83; _csrf=66fcd8ea406acaf6a2169753b310a38019e346931835e1344434e3d2eee2abf6a%3A2%3A%7Bi%3A0%3Bs%3A5%3A%22_csrf%22%3Bi%3A1%3Bs%3A32%3A%225_lSTOmA6eT1e8eCVk-WtXS81vSXDEyO%22%3B%7D; _identity=497be2f561615ed4f77228e01fffda3066a78919118b29412f4d2484b19c5241a%3A2%3A%7Bi%3A0%3Bs%3A9%3A%22_identity%22%3Bi%3A1%3Bs%3A46%3A%22%5B2%2C%22ZKd59q8u2509cHsxQ_f6oQ3TDTPKcumc%22%2C2592000%5D%22%3B%7D'
    'HTTP_CONNECTION' => 'keep-alive'
    'PATH' => '/usr/local/sbin:/usr/local/bin:/usr/sbin:/usr/bin:/sbin:/bin'
    'SERVER_SIGNATURE' => '<address>Apache/2.4.7 (Ubuntu) Server at front.dev Port 80</address>
'
    'SERVER_SOFTWARE' => 'Apache/2.4.7 (Ubuntu)'
    'SERVER_NAME' => 'front.dev'
    'SERVER_ADDR' => '127.0.0.1'
    'SERVER_PORT' => '80'
    'REMOTE_ADDR' => '127.0.0.1'
    'DOCUMENT_ROOT' => '/mnt/hgfs/yii2/frontend/web'
    'REQUEST_SCHEME' => 'http'
    'CONTEXT_PREFIX' => ''
    'CONTEXT_DOCUMENT_ROOT' => '/mnt/hgfs/yii2/frontend/web'
    'SERVER_ADMIN' => '[no address given]'
    'SCRIPT_FILENAME' => '/mnt/hgfs/yii2/frontend/web/index.php'
    'REMOTE_PORT' => '50912'
    'GATEWAY_INTERFACE' => 'CGI/1.1'
    'SERVER_PROTOCOL' => 'HTTP/1.1'
    'REQUEST_METHOD' => 'GET'
    'QUERY_STRING' => 'r=site%2Fcontact'
    'REQUEST_URI' => '/index.php?r=site%2Fcontact'
    'SCRIPT_NAME' => '/index.php'
    'PHP_SELF' => '/index.php'
    'REQUEST_TIME_FLOAT' => 1463041895.268
    'REQUEST_TIME' => 1463041895
]
2016-05-12 08:31:51 [127.0.0.1][-][-][error][yii\base\InvalidConfigException] exception 'yii\base\InvalidConfigException' with message 'Either GD PHP extension with FreeType support or ImageMagick PHP extension with PNG support is required.' in /mnt/hgfs/yii2/vendor/yiisoft/yii2/captcha/Captcha.php:180
Stack trace:
#0 /mnt/hgfs/yii2/vendor/yiisoft/yii2/captcha/Captcha.php(94): yii\captcha\Captcha::checkRequirements()
#1 /mnt/hgfs/yii2/vendor/yiisoft/yii2/base/Object.php(107): yii\captcha\Captcha->init()
#2 [internal function]: yii\base\Object->__construct(Array)
#3 /mnt/hgfs/yii2/vendor/yiisoft/yii2/di/Container.php(374): ReflectionClass->newInstanceArgs(Array)
#4 /mnt/hgfs/yii2/vendor/yiisoft/yii2/di/Container.php(153): yii\di\Container->build('yii\captcha\Cap...', Array, Array)
#5 /mnt/hgfs/yii2/vendor/yiisoft/yii2/BaseYii.php(344): yii\di\Container->get('yii\captcha\Cap...', Array, Array)
#6 /mnt/hgfs/yii2/vendor/yiisoft/yii2/base/Widget.php(97): yii\BaseYii::createObject(Array)
#7 /mnt/hgfs/yii2/vendor/yiisoft/yii2/widgets/ActiveField.php(671): yii\base\Widget::widget(Array)
#8 /mnt/hgfs/yii2/frontend/views/site/contact.php(35): yii\widgets\ActiveField->widget('yii\captcha\Cap...', Array)
#9 /mnt/hgfs/yii2/vendor/yiisoft/yii2/base/View.php(325): require('/mnt/hgfs/yii2/...')
#10 /mnt/hgfs/yii2/vendor/yiisoft/yii2/base/View.php(247): yii\base\View->renderPhpFile('/mnt/hgfs/yii2/...', Array)
#11 /mnt/hgfs/yii2/vendor/yiisoft/yii2/base/View.php(149): yii\base\View->renderFile('/mnt/hgfs/yii2/...', Array, Object(frontend\controllers\SiteController))
#12 /mnt/hgfs/yii2/vendor/yiisoft/yii2/base/Controller.php(377): yii\base\View->render('contact', Array, Object(frontend\controllers\SiteController))
#13 /mnt/hgfs/yii2/frontend/controllers/SiteController.php(130): yii\base\Controller->render('contact', Array)
#14 [internal function]: frontend\controllers\SiteController->actionContact()
#15 /mnt/hgfs/yii2/vendor/yiisoft/yii2/base/InlineAction.php(55): call_user_func_array(Array, Array)
#16 /mnt/hgfs/yii2/vendor/yiisoft/yii2/base/Controller.php(154): yii\base\InlineAction->runWithParams(Array)
#17 /mnt/hgfs/yii2/vendor/yiisoft/yii2/base/Module.php(454): yii\base\Controller->runAction('contact', Array)
#18 /mnt/hgfs/yii2/vendor/yiisoft/yii2/web/Application.php(84): yii\base\Module->runAction('site/contact', Array)
#19 /mnt/hgfs/yii2/vendor/yiisoft/yii2/base/Application.php(375): yii\web\Application->handleRequest(Object(yii\web\Request))
#20 /mnt/hgfs/yii2/frontend/web/index.php(18): yii\base\Application->run()
#21 {main}
2016-05-12 08:31:51 [127.0.0.1][-][-][info][application] $_GET = [
    'r' => 'site/contact'
]

$_COOKIE = [
    'PHPSESSID' => 'dcc9171i34bsv3l57bqctqdc83'
    '_csrf' => '66fcd8ea406acaf6a2169753b310a38019e346931835e1344434e3d2eee2abf6a:2:{i:0;s:5:\"_csrf\";i:1;s:32:\"5_lSTOmA6eT1e8eCVk-WtXS81vSXDEyO\";}'
    '_identity' => '497be2f561615ed4f77228e01fffda3066a78919118b29412f4d2484b19c5241a:2:{i:0;s:9:\"_identity\";i:1;s:46:\"[2,\"ZKd59q8u2509cHsxQ_f6oQ3TDTPKcumc\",2592000]\";}'
]

$_SERVER = [
    'HTTP_HOST' => 'front.dev'
    'HTTP_USER_AGENT' => 'Mozilla/5.0 (X11; Ubuntu; Linux x86_64; rv:45.0) Gecko/20100101 Firefox/45.0'
    'HTTP_ACCEPT' => 'text/html,application/xhtml+xml,application/xml;q=0.9,*/*;q=0.8'
    'HTTP_ACCEPT_LANGUAGE' => 'en-US,en;q=0.5'
    'HTTP_ACCEPT_ENCODING' => 'gzip, deflate'
    'HTTP_REFERER' => 'http://front.dev/index.php?r=site%2Fabout'
    'HTTP_COOKIE' => 'PHPSESSID=dcc9171i34bsv3l57bqctqdc83; _csrf=66fcd8ea406acaf6a2169753b310a38019e346931835e1344434e3d2eee2abf6a%3A2%3A%7Bi%3A0%3Bs%3A5%3A%22_csrf%22%3Bi%3A1%3Bs%3A32%3A%225_lSTOmA6eT1e8eCVk-WtXS81vSXDEyO%22%3B%7D; _identity=497be2f561615ed4f77228e01fffda3066a78919118b29412f4d2484b19c5241a%3A2%3A%7Bi%3A0%3Bs%3A9%3A%22_identity%22%3Bi%3A1%3Bs%3A46%3A%22%5B2%2C%22ZKd59q8u2509cHsxQ_f6oQ3TDTPKcumc%22%2C2592000%5D%22%3B%7D'
    'HTTP_CONNECTION' => 'keep-alive'
    'PATH' => '/usr/local/sbin:/usr/local/bin:/usr/sbin:/usr/bin:/sbin:/bin'
    'SERVER_SIGNATURE' => '<address>Apache/2.4.7 (Ubuntu) Server at front.dev Port 80</address>
'
    'SERVER_SOFTWARE' => 'Apache/2.4.7 (Ubuntu)'
    'SERVER_NAME' => 'front.dev'
    'SERVER_ADDR' => '127.0.0.1'
    'SERVER_PORT' => '80'
    'REMOTE_ADDR' => '127.0.0.1'
    'DOCUMENT_ROOT' => '/mnt/hgfs/yii2/frontend/web'
    'REQUEST_SCHEME' => 'http'
    'CONTEXT_PREFIX' => ''
    'CONTEXT_DOCUMENT_ROOT' => '/mnt/hgfs/yii2/frontend/web'
    'SERVER_ADMIN' => '[no address given]'
    'SCRIPT_FILENAME' => '/mnt/hgfs/yii2/frontend/web/index.php'
    'REMOTE_PORT' => '50914'
    'GATEWAY_INTERFACE' => 'CGI/1.1'
    'SERVER_PROTOCOL' => 'HTTP/1.1'
    'REQUEST_METHOD' => 'GET'
    'QUERY_STRING' => 'r=site%2Fcontact'
    'REQUEST_URI' => '/index.php?r=site%2Fcontact'
    'SCRIPT_NAME' => '/index.php'
    'PHP_SELF' => '/index.php'
    'REQUEST_TIME_FLOAT' => 1463041911.723
    'REQUEST_TIME' => 1463041911
]
